<?xml version="1.0" encoding="UTF-8"?>
<testng-results ignored="0" total="7" passed="6" failed="1" skipped="0">
  <reporter-output>
  </reporter-output>
  <suite started-at="2021-12-15T18:20:06 CST" name="Surefire suite" finished-at="2021-12-15T18:20:35 CST" duration-ms="28452">
    <groups>
    </groups>
    <test started-at="2021-12-15T18:20:06 CST" name="Surefire test" finished-at="2021-12-15T18:20:35 CST" duration-ms="28452">
      <class name="com.helpdesk.testing.testLogin">
        <test-method is-config="true" signature="setUp(java.lang.String)[pri:0, instance:com.helpdesk.testing.testLogin@442675e1]" started-at="2021-12-15T18:20:06 CST" name="setUp" finished-at="2021-12-15T18:20:08 CST" duration-ms="1494" status="PASS">
          <params>
            <param index="0">
              <value>
                <![CDATA[chrome]]>
              </value>
            </param>
          </params>
          <reporter-output>
          </reporter-output>
        </test-method> <!-- setUp -->
        <test-method signature="LoginUsario()[pri:1, instance:com.helpdesk.testing.testLogin@442675e1]" started-at="2021-12-15T18:20:08 CST" name="LoginUsario" finished-at="2021-12-15T18:20:11 CST" duration-ms="3768" status="PASS">
          <reporter-output>
          </reporter-output>
        </test-method> <!-- LoginUsario -->
        <test-method is-config="true" signature="tearDown()[pri:0, instance:com.helpdesk.testing.testLogin@442675e1]" started-at="2021-12-15T18:20:11 CST" name="tearDown" finished-at="2021-12-15T18:20:12 CST" duration-ms="564" status="PASS">
          <reporter-output>
          </reporter-output>
        </test-method> <!-- tearDown -->
        <test-method is-config="true" signature="setUp(java.lang.String)[pri:0, instance:com.helpdesk.testing.testLogin@442675e1]" started-at="2021-12-15T18:20:12 CST" name="setUp" finished-at="2021-12-15T18:20:13 CST" duration-ms="1141" status="PASS">
          <params>
            <param index="0">
              <value>
                <![CDATA[chrome]]>
              </value>
            </param>
          </params>
          <reporter-output>
          </reporter-output>
        </test-method> <!-- setUp -->
        <test-method signature="LoginSoporte()[pri:2, instance:com.helpdesk.testing.testLogin@442675e1]" started-at="2021-12-15T18:20:13 CST" name="LoginSoporte" finished-at="2021-12-15T18:20:16 CST" duration-ms="2648" status="PASS">
          <reporter-output>
          </reporter-output>
        </test-method> <!-- LoginSoporte -->
        <test-method is-config="true" signature="tearDown()[pri:0, instance:com.helpdesk.testing.testLogin@442675e1]" started-at="2021-12-15T18:20:16 CST" name="tearDown" finished-at="2021-12-15T18:20:16 CST" duration-ms="597" status="PASS">
          <reporter-output>
          </reporter-output>
        </test-method> <!-- tearDown -->
        <test-method is-config="true" signature="setUp(java.lang.String)[pri:0, instance:com.helpdesk.testing.testLogin@442675e1]" started-at="2021-12-15T18:20:16 CST" name="setUp" finished-at="2021-12-15T18:20:17 CST" duration-ms="1120" status="PASS">
          <params>
            <param index="0">
              <value>
                <![CDATA[chrome]]>
              </value>
            </param>
          </params>
          <reporter-output>
          </reporter-output>
        </test-method> <!-- setUp -->
        <test-method signature="CambioContraseña()[pri:3, instance:com.helpdesk.testing.testLogin@442675e1]" started-at="2021-12-15T18:20:17 CST" name="CambioContraseña" finished-at="2021-12-15T18:20:18 CST" duration-ms="954" status="FAIL">
          <exception class="org.openqa.selenium.InvalidSelectorException">
            <message>
              <![CDATA[invalid selector: Unable to locate an element with the xpath expression Cambiar Contraseña because of the following error:
SyntaxError: Failed to execute 'evaluate' on 'Document': The string 'Cambiar Contraseña' is not a valid XPath expression.
  (Session info: chrome=96.0.4664.93)
For documentation on this error, please visit: https://www.seleniumhq.org/exceptions/invalid_selector_exception.html
Build info: version: '3.141.59', revision: 'e82be7d358', time: '2018-11-14T08:17:03'
System info: host: 'CHRIS-DESKTOP', ip: '192.168.0.4', os.name: 'Windows 10', os.arch: 'amd64', os.version: '10.0', java.version: '15.0.2'
Driver info: org.openqa.selenium.chrome.ChromeDriver
Capabilities {acceptInsecureCerts: false, browserName: chrome, browserVersion: 96.0.4664.93, chrome: {chromedriverVersion: 96.0.4664.45 (76e4c1bb2ab46..., userDataDir: C:\Users\khriz\AppData\Loca...}, goog:chromeOptions: {debuggerAddress: localhost:54087}, javascriptEnabled: true, networkConnectionEnabled: false, pageLoadStrategy: normal, platform: WINDOWS, platformName: WINDOWS, proxy: Proxy(), setWindowRect: true, strictFileInteractability: false, timeouts: {implicit: 0, pageLoad: 300000, script: 30000}, unhandledPromptBehavior: dismiss and notify, webauthn:extension:credBlob: true, webauthn:extension:largeBlob: true, webauthn:virtualAuthenticators: true}
Session ID: 3e8ebcafcfa9f40c1a9c38caf169a76f
*** Element info: {Using=xpath, value=Cambiar Contraseña}]]>
            </message>
            <full-stacktrace>
              <![CDATA[org.openqa.selenium.InvalidSelectorException: invalid selector: Unable to locate an element with the xpath expression Cambiar Contraseña because of the following error:
SyntaxError: Failed to execute 'evaluate' on 'Document': The string 'Cambiar Contraseña' is not a valid XPath expression.
  (Session info: chrome=96.0.4664.93)
For documentation on this error, please visit: https://www.seleniumhq.org/exceptions/invalid_selector_exception.html
Build info: version: '3.141.59', revision: 'e82be7d358', time: '2018-11-14T08:17:03'
System info: host: 'CHRIS-DESKTOP', ip: '192.168.0.4', os.name: 'Windows 10', os.arch: 'amd64', os.version: '10.0', java.version: '15.0.2'
Driver info: org.openqa.selenium.chrome.ChromeDriver
Capabilities {acceptInsecureCerts: false, browserName: chrome, browserVersion: 96.0.4664.93, chrome: {chromedriverVersion: 96.0.4664.45 (76e4c1bb2ab46..., userDataDir: C:\Users\khriz\AppData\Loca...}, goog:chromeOptions: {debuggerAddress: localhost:54087}, javascriptEnabled: true, networkConnectionEnabled: false, pageLoadStrategy: normal, platform: WINDOWS, platformName: WINDOWS, proxy: Proxy(), setWindowRect: true, strictFileInteractability: false, timeouts: {implicit: 0, pageLoad: 300000, script: 30000}, unhandledPromptBehavior: dismiss and notify, webauthn:extension:credBlob: true, webauthn:extension:largeBlob: true, webauthn:virtualAuthenticators: true}
Session ID: 3e8ebcafcfa9f40c1a9c38caf169a76f
*** Element info: {Using=xpath, value=Cambiar Contraseña}
at java.base/jdk.internal.reflect.NativeConstructorAccessorImpl.newInstance0(Native Method)
at java.base/jdk.internal.reflect.NativeConstructorAccessorImpl.newInstance(NativeConstructorAccessorImpl.java:64)
at java.base/jdk.internal.reflect.DelegatingConstructorAccessorImpl.newInstance(DelegatingConstructorAccessorImpl.java:45)
at java.base/java.lang.reflect.Constructor.newInstanceWithCaller(Constructor.java:500)
at java.base/java.lang.reflect.Constructor.newInstance(Constructor.java:481)
at org.openqa.selenium.remote.http.W3CHttpResponseCodec.createException(W3CHttpResponseCodec.java:187)
at org.openqa.selenium.remote.http.W3CHttpResponseCodec.decode(W3CHttpResponseCodec.java:122)
at org.openqa.selenium.remote.http.W3CHttpResponseCodec.decode(W3CHttpResponseCodec.java:49)
at org.openqa.selenium.remote.HttpCommandExecutor.execute(HttpCommandExecutor.java:158)
at org.openqa.selenium.remote.service.DriverCommandExecutor.execute(DriverCommandExecutor.java:83)
at org.openqa.selenium.remote.RemoteWebDriver.execute(RemoteWebDriver.java:552)
at org.openqa.selenium.remote.RemoteWebDriver.findElement(RemoteWebDriver.java:323)
at org.openqa.selenium.remote.RemoteWebDriver.findElementByXPath(RemoteWebDriver.java:428)
at org.openqa.selenium.By$ByXPath.findElement(By.java:353)
at org.openqa.selenium.remote.RemoteWebDriver.findElement(RemoteWebDriver.java:315)
at com.helpdesk.testing.testLogin.CambioContraseña(testLogin.java:171)
at java.base/jdk.internal.reflect.NativeMethodAccessorImpl.invoke0(Native Method)
at java.base/jdk.internal.reflect.NativeMethodAccessorImpl.invoke(NativeMethodAccessorImpl.java:64)
at java.base/jdk.internal.reflect.DelegatingMethodAccessorImpl.invoke(DelegatingMethodAccessorImpl.java:43)
at java.base/java.lang.reflect.Method.invoke(Method.java:564)
at org.testng.internal.MethodInvocationHelper.invokeMethod(MethodInvocationHelper.java:133)
at org.testng.internal.TestInvoker.invokeMethod(TestInvoker.java:598)
at org.testng.internal.TestInvoker.invokeTestMethod(TestInvoker.java:173)
at org.testng.internal.MethodRunner.runInSequence(MethodRunner.java:46)
at org.testng.internal.TestInvoker$MethodInvocationAgent.invoke(TestInvoker.java:824)
at org.testng.internal.TestInvoker.invokeTestMethods(TestInvoker.java:146)
at org.testng.internal.TestMethodWorker.invokeTestMethods(TestMethodWorker.java:146)
at org.testng.internal.TestMethodWorker.run(TestMethodWorker.java:128)
at java.base/java.util.ArrayList.forEach(ArrayList.java:1511)
at org.testng.TestRunner.privateRun(TestRunner.java:794)
at org.testng.TestRunner.run(TestRunner.java:596)
at org.testng.SuiteRunner.runTest(SuiteRunner.java:377)
at org.testng.SuiteRunner.runSequentially(SuiteRunner.java:371)
at org.testng.SuiteRunner.privateRun(SuiteRunner.java:332)
at org.testng.SuiteRunner.run(SuiteRunner.java:276)
at org.testng.SuiteRunnerWorker.runSuite(SuiteRunnerWorker.java:53)
at org.testng.SuiteRunnerWorker.run(SuiteRunnerWorker.java:96)
at org.testng.TestNG.runSuitesSequentially(TestNG.java:1212)
at org.testng.TestNG.runSuitesLocally(TestNG.java:1134)
at org.testng.TestNG.runSuites(TestNG.java:1063)
at org.testng.TestNG.run(TestNG.java:1031)
at org.apache.maven.surefire.testng.TestNGExecutor.run(TestNGExecutor.java:136)
at org.apache.maven.surefire.testng.TestNGDirectoryTestSuite.executeSingleClass(TestNGDirectoryTestSuite.java:112)
at org.apache.maven.surefire.testng.TestNGDirectoryTestSuite.execute(TestNGDirectoryTestSuite.java:99)
at org.apache.maven.surefire.testng.TestNGProvider.invoke(TestNGProvider.java:145)
at org.apache.maven.surefire.booter.ForkedBooter.runSuitesInProcess(ForkedBooter.java:428)
at org.apache.maven.surefire.booter.ForkedBooter.execute(ForkedBooter.java:162)
at org.apache.maven.surefire.booter.ForkedBooter.run(ForkedBooter.java:562)
at org.apache.maven.surefire.booter.ForkedBooter.main(ForkedBooter.java:548)
]]>
            </full-stacktrace>
          </exception> <!-- org.openqa.selenium.InvalidSelectorException -->
          <reporter-output>
          </reporter-output>
        </test-method> <!-- CambioContraseña -->
        <test-method is-config="true" signature="tearDown()[pri:0, instance:com.helpdesk.testing.testLogin@442675e1]" started-at="2021-12-15T18:20:18 CST" name="tearDown" finished-at="2021-12-15T18:20:19 CST" duration-ms="572" status="PASS">
          <reporter-output>
          </reporter-output>
        </test-method> <!-- tearDown -->
        <test-method is-config="true" signature="setUp(java.lang.String)[pri:0, instance:com.helpdesk.testing.testLogin@442675e1]" started-at="2021-12-15T18:20:19 CST" name="setUp" finished-at="2021-12-15T18:20:20 CST" duration-ms="1170" status="PASS">
          <params>
            <param index="0">
              <value>
                <![CDATA[chrome]]>
              </value>
            </param>
          </params>
          <reporter-output>
          </reporter-output>
        </test-method> <!-- setUp -->
        <test-method signature="wrongPassUsario()[pri:4, instance:com.helpdesk.testing.testLogin@442675e1]" started-at="2021-12-15T18:20:20 CST" name="wrongPassUsario" finished-at="2021-12-15T18:20:22 CST" duration-ms="1604" status="PASS">
          <reporter-output>
          </reporter-output>
        </test-method> <!-- wrongPassUsario -->
        <test-method is-config="true" signature="tearDown()[pri:0, instance:com.helpdesk.testing.testLogin@442675e1]" started-at="2021-12-15T18:20:22 CST" name="tearDown" finished-at="2021-12-15T18:20:22 CST" duration-ms="577" status="PASS">
          <reporter-output>
          </reporter-output>
        </test-method> <!-- tearDown -->
        <test-method is-config="true" signature="setUp(java.lang.String)[pri:0, instance:com.helpdesk.testing.testLogin@442675e1]" started-at="2021-12-15T18:20:22 CST" name="setUp" finished-at="2021-12-15T18:20:23 CST" duration-ms="1185" status="PASS">
          <params>
            <param index="0">
              <value>
                <![CDATA[chrome]]>
              </value>
            </param>
          </params>
          <reporter-output>
          </reporter-output>
        </test-method> <!-- setUp -->
        <test-method signature="wrongLoginUsario()[pri:5, instance:com.helpdesk.testing.testLogin@442675e1]" started-at="2021-12-15T18:20:23 CST" name="wrongLoginUsario" finished-at="2021-12-15T18:20:25 CST" duration-ms="1671" status="PASS">
          <reporter-output>
          </reporter-output>
        </test-method> <!-- wrongLoginUsario -->
        <test-method is-config="true" signature="tearDown()[pri:0, instance:com.helpdesk.testing.testLogin@442675e1]" started-at="2021-12-15T18:20:25 CST" name="tearDown" finished-at="2021-12-15T18:20:26 CST" duration-ms="571" status="PASS">
          <reporter-output>
          </reporter-output>
        </test-method> <!-- tearDown -->
        <test-method is-config="true" signature="setUp(java.lang.String)[pri:0, instance:com.helpdesk.testing.testLogin@442675e1]" started-at="2021-12-15T18:20:26 CST" name="setUp" finished-at="2021-12-15T18:20:27 CST" duration-ms="1169" status="PASS">
          <params>
            <param index="0">
              <value>
                <![CDATA[chrome]]>
              </value>
            </param>
          </params>
          <reporter-output>
          </reporter-output>
        </test-method> <!-- setUp -->
        <test-method signature="wrongLoginSoporte()[pri:6, instance:com.helpdesk.testing.testLogin@442675e1]" started-at="2021-12-15T18:20:27 CST" name="wrongLoginSoporte" finished-at="2021-12-15T18:20:30 CST" duration-ms="2657" status="PASS">
          <reporter-output>
          </reporter-output>
        </test-method> <!-- wrongLoginSoporte -->
        <test-method is-config="true" signature="tearDown()[pri:0, instance:com.helpdesk.testing.testLogin@442675e1]" started-at="2021-12-15T18:20:30 CST" name="tearDown" finished-at="2021-12-15T18:20:30 CST" duration-ms="608" status="PASS">
          <reporter-output>
          </reporter-output>
        </test-method> <!-- tearDown -->
        <test-method is-config="true" signature="setUp(java.lang.String)[pri:0, instance:com.helpdesk.testing.testLogin@442675e1]" started-at="2021-12-15T18:20:30 CST" name="setUp" finished-at="2021-12-15T18:20:31 CST" duration-ms="1179" status="PASS">
          <params>
            <param index="0">
              <value>
                <![CDATA[chrome]]>
              </value>
            </param>
          </params>
          <reporter-output>
          </reporter-output>
        </test-method> <!-- setUp -->
        <test-method signature="wrongPassSoporte()[pri:7, instance:com.helpdesk.testing.testLogin@442675e1]" started-at="2021-12-15T18:20:31 CST" name="wrongPassSoporte" finished-at="2021-12-15T18:20:34 CST" duration-ms="2614" status="PASS">
          <reporter-output>
          </reporter-output>
        </test-method> <!-- wrongPassSoporte -->
        <test-method is-config="true" signature="tearDown()[pri:0, instance:com.helpdesk.testing.testLogin@442675e1]" started-at="2021-12-15T18:20:34 CST" name="tearDown" finished-at="2021-12-15T18:20:35 CST" duration-ms="567" status="PASS">
          <reporter-output>
          </reporter-output>
        </test-method> <!-- tearDown -->
      </class> <!-- com.helpdesk.testing.testLogin -->
    </test> <!-- Surefire test -->
  </suite> <!-- Surefire suite -->
</testng-results>
